<?xml version="1.0" encoding="UTF-8" ?>
<testsuite tests="13" failures="0" name="viacep.RunCucumberTest" time="6.077" errors="0" skipped="0">
  <properties>
    <property name="java.runtime.name" value="OpenJDK Runtime Environment"/>
    <property name="java.vm.version" value="11.0.9.1+12-LTS"/>
    <property name="sun.boot.library.path" value="C:\Program Files\Amazon Corretto\jdk11.0.9_12\bin"/>
    <property name="maven.multiModuleProjectDirectory" value="C:/Users/w503340/Documents/prova_sicredi_api"/>
    <property name="java.vm.vendor" value="Amazon.com Inc."/>
    <property name="java.vendor.url" value="https://aws.amazon.com/corretto/"/>
    <property name="guice.disable.misplaced.annotation.check" value="true"/>
    <property name="path.separator" value=";"/>
    <property name="java.vm.name" value="OpenJDK 64-Bit Server VM"/>
    <property name="sun.os.patch.level" value=""/>
    <property name="user.script" value=""/>
    <property name="user.country" value="US"/>
    <property name="sun.java.launcher" value="SUN_STANDARD"/>
    <property name="java.vm.specification.name" value="Java Virtual Machine Specification"/>
    <property name="user.dir" value="C:\Users\w503340\Documents\prova_sicredi_api"/>
    <property name="java.vm.compressedOopsMode" value="Zero based"/>
    <property name="java.runtime.version" value="11.0.9.1+12-LTS"/>
    <property name="java.awt.graphicsenv" value="sun.awt.Win32GraphicsEnvironment"/>
    <property name="os.arch" value="amd64"/>
    <property name="java.io.tmpdir" value="C:\Users\w503340\AppData\Local\Temp\"/>
    <property name="line.separator" value="
"/>
    <property name="java.vm.specification.vendor" value="Oracle Corporation"/>
    <property name="user.variant" value=""/>
    <property name="os.name" value="Windows 10"/>
    <property name="classworlds.conf" value="C:/ProgramData/chocolatey/lib/maven/apache-maven-3.6.3/bin/m2.conf"/>
    <property name="sun.jnu.encoding" value="Cp1252"/>
    <property name="java.library.path" value="C:\Program Files\Amazon Corretto\jdk11.0.9_12\bin;C:\WINDOWS\Sun\Java\bin;C:\WINDOWS\system32;C:\WINDOWS;C:\Users\w503340\bin;C:\Users\w503340\AppData\Local\Programs\Git\mingw64\bin;C:\Users\w503340\AppData\Local\Programs\Git\usr\local\bin;C:\Users\w503340\AppData\Local\Programs\Git\usr\bin;C:\Users\w503340\AppData\Local\Programs\Git\usr\bin;C:\Users\w503340\AppData\Local\Programs\Git\mingw64\bin;C:\Users\w503340\AppData\Local\Programs\Git\usr\bin;C:\Users\w503340\bin;C:\Ruby27-x64\bin;C:\Python39\Scripts;C:\Python39;C:\Program Files\Amazon Corretto\jdk11.0.9_12\bin;C:\WINDOWS\system32;C:\WINDOWS;C:\WINDOWS\System32\Wbem;C:\WINDOWS\System32\WindowsPowerShell\v1.0;C:\WINDOWS\System32\OpenSSH;C:\Program Files (x86)\WebEx\Productivity Tools;C:\Program Files (x86)\CheckPoint\Endpoint Security\Endpoint Common\bin;C:\Program Files\PuTTY;C:\ProgramData\chocolatey\lib\maven\apache-maven-3.6.3\bin;C:\Program Files\Docker\Docker\resources\bin;C:\ProgramData\DockerDesktop\version-bin;C:\Program Files\nodejs;C:\ProgramData\chocolatey\bin;C:\Users\w503340\AppData\Local\Microsoft\WindowsApps;C:\ProgramData\chocoportable\bin;C:\Users\w503340\AppData\Local\Programs\Git\cmd;C:\Program Files\Amazon Corretto\jdk11.0.9_12\bin;C:\Program Files\JetBrains\IntelliJ IDEA 2020.2.3\bin;C:\Users\w503340\AppData\Roaming\npm;C:\Users\w503340\AppData\Local\Programs\Git\usr\bin\vendor_perl;C:\Users\w503340\AppData\Local\Programs\Git\usr\bin\core_perl;."/>
    <property name="maven.conf" value="C:/ProgramData/chocolatey/lib/maven/apache-maven-3.6.3/conf"/>
    <property name="jdk.debug" value="release"/>
    <property name="java.class.version" value="55.0"/>
    <property name="java.specification.name" value="Java Platform API Specification"/>
    <property name="sun.management.compiler" value="HotSpot 64-Bit Tiered Compilers"/>
    <property name="os.version" value="10.0"/>
    <property name="library.jansi.path" value="C:/ProgramData/chocolatey/lib/maven/apache-maven-3.6.3/lib/jansi-native"/>
    <property name="user.home" value="C:\Users\w503340"/>
    <property name="user.timezone" value="America/Bahia"/>
    <property name="java.awt.printerjob" value="sun.awt.windows.WPrinterJob"/>
    <property name="file.encoding" value="Cp1252"/>
    <property name="java.specification.version" value="11"/>
    <property name="user.name" value="W503340"/>
    <property name="java.class.path" value="C:/ProgramData/chocolatey/lib/maven/apache-maven-3.6.3/boot/plexus-classworlds-2.6.0.jar"/>
    <property name="java.vm.specification.version" value="11"/>
    <property name="sun.arch.data.model" value="64"/>
    <property name="sun.java.command" value="org.codehaus.plexus.classworlds.launcher.Launcher test"/>
    <property name="java.home" value="C:\Program Files\Amazon Corretto\jdk11.0.9_12"/>
    <property name="user.language" value="en"/>
    <property name="java.specification.vendor" value="Oracle Corporation"/>
    <property name="awt.toolkit" value="sun.awt.windows.WToolkit"/>
    <property name="java.vm.info" value="mixed mode"/>
    <property name="java.version" value="11.0.9.1"/>
    <property name="java.vendor" value="Amazon.com Inc."/>
    <property name="maven.home" value="C:\ProgramData\chocolatey\lib\maven\apache-maven-3.6.3"/>
    <property name="file.separator" value="\"/>
    <property name="java.version.date" value="2020-11-04"/>
    <property name="java.vendor.url.bug" value="https://github.com/corretto/corretto-11/issues/"/>
    <property name="sun.io.unicode.encoding" value="UnicodeLittle"/>
    <property name="sun.cpu.endian" value="little"/>
    <property name="java.vendor.version" value="Corretto-11.0.9.12.1"/>
    <property name="sun.desktop" value="windows"/>
    <property name="sun.cpu.isalist" value="amd64"/>
  </properties>
  <testcase classname="The &quot;Via CEP&quot; API should work as expected" name="Check valid zip code (CEP) #1" time="1.462"/>
  <testcase classname="The &quot;Via CEP&quot; API should work as expected" name="Check valid zip code (CEP) #2" time="0.175"/>
  <testcase classname="The &quot;Via CEP&quot; API should work as expected" name="Check nonexistent zip code (CEP) #1" time="0.166"/>
  <testcase classname="The &quot;Via CEP&quot; API should work as expected" name="Check nonexistent zip code (CEP) #2" time="0.177"/>
  <testcase classname="The &quot;Via CEP&quot; API should work as expected" name="Check zip code (CEP) with invalid format #1" time="0.187"/>
  <testcase classname="The &quot;Via CEP&quot; API should work as expected" name="Check zip code (CEP) with invalid format #2" time="0.636"/>
  <testcase classname="The &quot;Via CEP&quot; API should work as expected" name="Check zip code (CEP) with invalid format #3" time="0.548"/>
  <testcase classname="The &quot;Via CEP&quot; API should work as expected" name="Check zip code (CEP) with invalid format #4" time="0.63"/>
  <testcase classname="The &quot;Via CEP&quot; API should work as expected" name="Check zip code (CEP) with invalid format #5" time="0.516"/>
  <testcase classname="The &quot;Via CEP&quot; API should work as expected" name="Check zip code (CEP) with invalid format #6" time="0.532"/>
  <testcase classname="The &quot;Via CEP&quot; API should work as expected" name="Check zip code (CEP) given address #1" time="0.614"/>
  <testcase classname="The &quot;Via CEP&quot; API should work as expected" name="Check zip code (CEP) given address #2" time="0.182"/>
  <testcase classname="The &quot;Via CEP&quot; API should work as expected" name="Check zip code (CEP) given address #3" time="0.252"/>
</testsuite>